<?xml version="1.0" encoding="UTF-8"?>
<!-- Generated by org.testng.reporters.JUnitReportReporter -->
<testsuite hostname="Lenovo-PC" failures="0" tests="3" name="com.crm.testcases.HomePageTest" time="66.187" errors="0" timestamp="24 Sep 2022 16:37:57 GMT" skipped="0">
  <testcase classname="com.crm.testcases.HomePageTest" name="verifyHomePageTitleTest" time="22.401"/>
  <testcase classname="com.crm.testcases.HomePageTest" name="verifyUserNameTest" time="20.255"/>
  <testcase classname="com.crm.testcases.HomePageTest" name="verifyContactsLinkTest" time="23.531"/>
</testsuite> <!-- com.crm.testcases.HomePageTest -->
