<?xml version="1.0" encoding="UTF-8"?>
<!-- Generated by org.testng.reporters.JUnitReportReporter -->
<testsuite hostname="Lenovo-PC" failures="0" tests="6" name="com.crm.testcases.ContactsPageTest" time="140.269" errors="0" timestamp="24 Sep 2022 16:37:57 GMT" skipped="0">
  <testcase classname="com.crm.testcases.ContactsPageTest" name="verifyContactsPageLabel" time="19.922"/>
  <testcase classname="com.crm.testcases.ContactsPageTest" name="selectContactsTest" time="22.862"/>
  <testcase classname="com.crm.testcases.ContactsPageTest" name="selectMultipleContactsTest" time="22.588"/>
  <testcase classname="com.crm.testcases.ContactsPageTest" name="validateCreateNewContacts" time="24.182"/>
  <testcase classname="com.crm.testcases.ContactsPageTest" name="validateCreateNewContacts" time="25.255"/>
  <testcase classname="com.crm.testcases.ContactsPageTest" name="validateCreateNewContacts" time="25.460"/>
</testsuite> <!-- com.crm.testcases.ContactsPageTest -->
