<?xml version="1.0" encoding="UTF-8"?>
<!-- Generated by org.testng.reporters.JUnitReportReporter -->
<testsuite hostname="Lenovo-PC" failures="0" tests="2" name="com.crm.testcases.LoginPageTest" time="42.055" errors="0" timestamp="24 Sep 2022 16:37:57 GMT" skipped="0">
  <testcase classname="com.crm.testcases.LoginPageTest" name="loginPageTitleTest" time="21.427"/>
  <testcase classname="com.crm.testcases.LoginPageTest" name="loginTest" time="20.628"/>
</testsuite> <!-- com.crm.testcases.LoginPageTest -->
