<?xml version="1.0" encoding="UTF-8"?>
<!-- Generated by org.testng.reporters.JUnitReportReporter -->
<testsuite hostname="Lenovo-PC" failures="0" tests="1" name="com.crm.testcases.HomePageTest" time="17.339" errors="0" timestamp="26 Sep 2022 18:03:23 GMT" skipped="0">
  <testcase classname="com.crm.testcases.HomePageTest" name="verifyHomePageTitleTest" time="17.339"/>
</testsuite> <!-- com.crm.testcases.HomePageTest -->
