<?xml version="1.0" encoding="UTF-8"?>
<!-- Generated by org.testng.reporters.JUnitReportReporter -->
<testsuite hostname="Lenovo-PC" failures="0" tests="1" name="com.crm.testcases.LoginPageTest" time="16.723" errors="0" timestamp="26 Sep 2022 18:03:23 GMT" skipped="0">
  <testcase classname="com.crm.testcases.LoginPageTest" name="loginPageTitleTest" time="16.723"/>
</testsuite> <!-- com.crm.testcases.LoginPageTest -->
